<?xml version='1.0' encoding='UTF-8'?>
<testsuite hostname="RPRJ-HP-NOTE" name="generalFunctions.InitialListsSuite" tests="6" errors="0" failures="0" skipped="0" time="0.2" timestamp="2021-05-09T17:18:44">
                     <properties>
      <property name="jline.esc.timeout" value="0"/><property name="java.runtime.name" value="Java(TM) SE Runtime Environment"/><property name="sun.boot.library.path" value="C:\Main\bin\java\jre1.8.0_291\bin"/><property name="java.vm.version" value="25.291-b10"/><property name="java.vm.vendor" value="Oracle Corporation"/><property name="java.vendor.url" value="http://java.oracle.com/"/><property name="path.separator" value=";"/><property name="jna.loaded" value="true"/><property name="java.vm.name" value="Java HotSpot(TM) Client VM"/><property name="file.encoding.pkg" value="sun.io"/><property name="user.country" value="GB"/><property name="user.script" value=""/><property name="sun.java.launcher" value="SUN_STANDARD"/><property name="sun.os.patch.level" value=""/><property name="jna.nosys" value="true"/><property name="java.vm.specification.name" value="Java Virtual Machine Specification"/><property name="user.dir" value="C:\Main\dev\scala-study"/><property name="java.runtime.version" value="1.8.0_291-b10"/><property name="java.awt.graphicsenv" value="sun.awt.Win32GraphicsEnvironment"/><property name="java.endorsed.dirs" value="C:\Main\bin\java\jre1.8.0_291\lib\endorsed"/><property name="os.arch" value="x86"/><property name="java.io.tmpdir" value="C:\Users\rober\AppData\Local\Temp\"/><property name="line.separator" value="
"/><property name="java.vm.specification.vendor" value="Oracle Corporation"/><property name="log4j.ignoreTCL" value="true"/><property name="user.variant" value=""/><property name="os.name" value="Windows 10"/><property name="sun.jnu.encoding" value="Cp1252"/><property name="jnidispatch.path" value="C:\Users\rober\AppData\Local\Temp\jna-108685618\jna4023360812171172634.dll"/><property name="java.library.path" value="C:\Main\bin\java\jre1.8.0_291\bin;C:\windows\Sun\Java\bin;C:\windows\system32;C:\windows;C:\Main\bin\java\jre1.8.0_291\bin;C:\Main\bin\cmder\vendor\conemu-maximus5\ConEmu\Scripts;C:\Main\bin\cmder\vendor\conemu-maximus5;C:\Main\bin\cmder\vendor\conemu-maximus5\ConEmu;C:\Program Files (x86)\Common Files\Oracle\Java\javapath;C:\windows\system32;C:\windows;C:\windows\System32\Wbem;C:\windows\System32\WindowsPowerShell\v1.0\;C:\windows\System32\OpenSSH\;C:\Main\bin\vscode\bin;C:\Main\bin\dotnet\x64\;C:\Main\bin\git\cmd;C:\Main\bin\java\jre1.8.0_291\bin;C:\Main\bin\sbt\bin;C:\Users\rober\AppData\Local\Microsoft\WindowsApps;C:\Users\rober\.dotnet\tools;C:\Main\bin\git\mingw64\bin;C:\Main\bin\git\usr\bin;C:\Main\bin\cmder\vendor\bin;C:\Main\bin\cmder;."/><property name="java.specification.name" value="Java Platform API Specification"/><property name="java.class.version" value="52.0"/><property name="sun.management.compiler" value="HotSpot Client Compiler"/><property name="os.version" value="10.0"/><property name="swoval.tmpdir" value="C:\Users\rober\.sbt\1.0"/><property name="user.home" value="C:\Users\rober"/><property name="user.timezone" value="America/Sao_Paulo"/><property name="java.awt.printerjob" value="sun.awt.windows.WPrinterJob"/><property name="file.encoding" value="UTF-8"/><property name="java.specification.version" value="1.8"/><property name="java.class.path" value="C:\Main\bin\sbt\\bin\sbt-launch.jar"/><property name="user.name" value="rober"/><property name="jline.shutdownhook" value="false"/><property name="java.vm.specification.version" value="1.8"/><property name="sun.java.command" value="xsbt.boot.Boot"/><property name="java.home" value="C:\Main\bin\java\jre1.8.0_291"/><property name="sun.arch.data.model" value="32"/><property name="user.language" value="en"/><property name="java.specification.vendor" value="Oracle Corporation"/><property name="awt.toolkit" value="sun.awt.windows.WToolkit"/><property name="java.vm.info" value="mixed mode"/><property name="java.version" value="1.8.0_291"/><property name="java.ext.dirs" value="C:\Main\bin\java\jre1.8.0_291\lib\ext;C:\windows\Sun\Java\lib\ext"/><property name="sun.boot.class.path" value="C:\Main\bin\java\jre1.8.0_291\lib\resources.jar;C:\Main\bin\java\jre1.8.0_291\lib\rt.jar;C:\Main\bin\java\jre1.8.0_291\lib\sunrsasign.jar;C:\Main\bin\java\jre1.8.0_291\lib\jsse.jar;C:\Main\bin\java\jre1.8.0_291\lib\jce.jar;C:\Main\bin\java\jre1.8.0_291\lib\charsets.jar;C:\Main\bin\java\jre1.8.0_291\lib\jfr.jar;C:\Main\bin\java\jre1.8.0_291\classes"/><property name="java.vendor" value="Oracle Corporation"/><property name="sun.stderr.encoding" value="cp437"/><property name="file.separator" value="\"/><property name="java.vendor.url.bug" value="http://bugreport.sun.com/bugreport/"/><property name="sun.io.unicode.encoding" value="UnicodeLittle"/><property name="sun.cpu.endian" value="little"/><property name="sun.stdout.encoding" value="cp437"/><property name="sun.desktop" value="windows"/><property name="sun.cpu.isalist" value="pentium_pro+mmx pentium_pro pentium+mmx pentium i486 i386 i86"/>
    </properties>
                     <testcase classname="generalFunctions.InitialListsSuite" name="one plus two is three (0pts)?" time="0.183">
                                                 
                                               </testcase><testcase classname="generalFunctions.InitialListsSuite" name="max of a few numbers (10pts)" time="0.012">
                                                 
                                               </testcase><testcase classname="generalFunctions.InitialListsSuite" name="intNotZero throws an exception if its argument is 0" time="0.002">
                                                 
                                               </testcase><testcase classname="generalFunctions.InitialListsSuite" name="details why one plus one is not three (0pts)" time="0.001">
                                                 
                                               </testcase><testcase classname="generalFunctions.InitialListsSuite" name="sum of a few numbers (10pts)" time="0.001">
                                                 
                                               </testcase><testcase classname="generalFunctions.InitialListsSuite" name="one plus one is two (0pts)" time="0.001">
                                                 
                                               </testcase>
                     <system-out><![CDATA[]]></system-out>
                     <system-err><![CDATA[]]></system-err>
                   </testsuite>